<?xml version="1.0" encoding="UTF-8"?>
<testng-results ignored="1" total="4" passed="3" failed="0" skipped="0">
  <reporter-output>
    <line>
      <![CDATA[verify user name]]>
    </line>
    <line>
      <![CDATA[verify user name]]>
    </line>
    <line>
      <![CDATA[verify user name]]>
    </line>
    <line>
      <![CDATA[verify user name]]>
    </line>
    <line>
      <![CDATA[verify user name]]>
    </line>
  </reporter-output>
  <suite started-at="2021-02-05T06:54:52 IST" name="Suite" finished-at="2021-02-05T06:56:18 IST" duration-ms="86647">
    <groups>
    </groups>
    <test started-at="2021-02-05T06:54:52 IST" name="LoginTest" finished-at="2021-02-05T06:55:38 IST" duration-ms="45982">
      <class name="com.AppProject.AppLoginTest">
        <test-method is-config="true" signature="launchBrowser()[pri:0, instance:com.AppProject.AppLoginTest@5677323c]" started-at="2021-02-05T06:54:52 IST" name="launchBrowser" finished-at="2021-02-05T06:55:02 IST" duration-ms="10713" status="PASS">
          <reporter-output>
          </reporter-output>
        </test-method> <!-- launchBrowser -->
        <test-method signature="verifyvalidlogin()[pri:1, instance:com.AppProject.AppLoginTest@5677323c]" started-at="2021-02-05T06:55:02 IST" name="verifyvalidlogin" description="Verify valid login" finished-at="2021-02-05T06:55:31 IST" duration-ms="28400" status="PASS">
          <reporter-output>
            <line>
              <![CDATA[verify user name]]>
            </line>
            <line>
              <![CDATA[verify user name]]>
            </line>
            <line>
              <![CDATA[verify user name]]>
            </line>
            <line>
              <![CDATA[verify user name]]>
            </line>
            <line>
              <![CDATA[verify user name]]>
            </line>
          </reporter-output>
        </test-method> <!-- verifyvalidlogin -->
        <test-method signature="verifyinvalidlogin()[pri:2, instance:com.AppProject.AppLoginTest@5677323c]" started-at="2021-02-05T06:55:31 IST" name="verifyinvalidlogin" description="Verify invalid login" finished-at="2021-02-05T06:55:36 IST" duration-ms="5104" status="PASS">
          <reporter-output>
          </reporter-output>
        </test-method> <!-- verifyinvalidlogin -->
        <test-method is-config="true" signature="closeBrowser()[pri:0, instance:com.AppProject.AppLoginTest@5677323c]" started-at="2021-02-05T06:55:36 IST" name="closeBrowser" finished-at="2021-02-05T06:55:38 IST" duration-ms="1678" status="PASS">
          <reporter-output>
          </reporter-output>
        </test-method> <!-- closeBrowser -->
      </class> <!-- com.AppProject.AppLoginTest -->
    </test> <!-- LoginTest -->
    <test started-at="2021-02-05T06:55:38 IST" name="AppLinksTest" finished-at="2021-02-05T06:56:18 IST" duration-ms="40628">
      <class name="com.AppProject.AppHomePageLinks">
        <test-method is-config="true" signature="AppLinksSuite()[pri:0, instance:com.AppProject.AppHomePageLinks@5b1669c0]" started-at="2021-02-05T06:54:52 IST" name="AppLinksSuite" finished-at="2021-02-05T06:54:52 IST" duration-ms="1" status="PASS">
          <reporter-output>
          </reporter-output>
        </test-method> <!-- AppLinksSuite -->
        <test-method is-config="true" signature="launchBrowser()[pri:0, instance:com.AppProject.AppHomePageLinks@5b1669c0]" started-at="2021-02-05T06:55:38 IST" name="launchBrowser" finished-at="2021-02-05T06:55:46 IST" duration-ms="8772" status="PASS">
          <reporter-output>
          </reporter-output>
        </test-method> <!-- launchBrowser -->
        <test-method signature="pageWeblinks()[pri:0, instance:com.AppProject.AppHomePageLinks@5b1669c0]" started-at="2021-02-05T06:55:46 IST" name="pageWeblinks" description="Verifying weblinks" finished-at="2021-02-05T06:56:18 IST" duration-ms="31070" status="PASS">
          <reporter-output>
          </reporter-output>
        </test-method> <!-- pageWeblinks -->
        <test-method is-config="true" signature="closebrowser()[pri:0, instance:com.AppProject.AppHomePageLinks@5b1669c0]" started-at="2021-02-05T06:56:18 IST" name="closebrowser" finished-at="2021-02-05T06:56:18 IST" duration-ms="780" status="PASS">
          <reporter-output>
          </reporter-output>
        </test-method> <!-- closebrowser -->
      </class> <!-- com.AppProject.AppHomePageLinks -->
      <class name="com.AppProject.AppLoginTest">
        <test-method is-config="true" signature="AppSuite()[pri:0, instance:com.AppProject.AppLoginTest@5677323c]" started-at="2021-02-05T06:54:50 IST" name="AppSuite" finished-at="2021-02-05T06:54:52 IST" duration-ms="1407" status="PASS">
          <reporter-output>
          </reporter-output>
        </test-method> <!-- AppSuite -->
      </class> <!-- com.AppProject.AppLoginTest -->
    </test> <!-- AppLinksTest -->
  </suite> <!-- Suite -->
</testng-results>
