<?xml version="1.0" encoding="UTF-8"?>
<!-- Generated by org.testng.reporters.JUnitXMLReporter -->
<testsuite ignored="1" hostname="LAPTOP-6OACLVLF" failures="0" tests="3" name="Test" time="87.2" errors="0" timestamp="2021-02-05T06:51:51 IST">
  <testcase classname="com.AppProject.AppLoginTest" name="verifyvalidlogin" time="28.77"/>
  <testcase classname="com.AppProject.AppLoginTest" name="verifyinvalidlogin" time="4.009"/>
  <testcase classname="com.AppProject.AppHomePageLinks" name="f" time="31.954"/>
  <testcase classname="com.AppProject.AppLoginTest" name="verifyhomelink" time="0.0">
    <ignored/>
  </testcase> <!-- verifyhomelink -->
</testsuite> <!-- Test -->
